The system is: Linux - 4.12.8-2-ARCH - x86_64
Compiling the C compiler identification source file "CMakeCCompilerId.c" succeeded.
Compiler: /usr/bin/cc 
Build flags: 
Id flags:  

The output was:
0


Compilation of the C compiler identification source "CMakeCCompilerId.c" produced "a.out"

The C compiler identification is GNU, found in "/home/IN/vade9658/Computer-Graphics/build/CMakeFiles/3.9.1/CompilerIdC/a.out"

Compiling the CXX compiler identification source file "CMakeCXXCompilerId.cpp" succeeded.
Compiler: /usr/bin/c++ 
Build flags: 
Id flags:  

The output was:
0


Compilation of the CXX compiler identification source "CMakeCXXCompilerId.cpp" produced "a.out"

The CXX compiler identification is GNU, found in "/home/IN/vade9658/Computer-Graphics/build/CMakeFiles/3.9.1/CompilerIdCXX/a.out"

Determining if the C compiler works passed with the following output:
Change Dir: /home/IN/vade9658/Computer-Graphics/build/CMakeFiles/CMakeTmp

Run Build Command:"/usr/bin/make" "cmTC_1bceb/fast"
/usr/bin/make -f CMakeFiles/cmTC_1bceb.dir/build.make CMakeFiles/cmTC_1bceb.dir/build
make[1]: Verzeichnis „/home/IN/vade9658/Computer-Graphics/build/CMakeFiles/CMakeTmp“ wird betreten
Building C object CMakeFiles/cmTC_1bceb.dir/testCCompiler.c.o
/usr/bin/cc    -o CMakeFiles/cmTC_1bceb.dir/testCCompiler.c.o   -c /home/IN/vade9658/Computer-Graphics/build/CMakeFiles/CMakeTmp/testCCompiler.c
Linking C executable cmTC_1bceb
/usr/bin/cmake -E cmake_link_script CMakeFiles/cmTC_1bceb.dir/link.txt --verbose=1
/usr/bin/cc      -rdynamic CMakeFiles/cmTC_1bceb.dir/testCCompiler.c.o  -o cmTC_1bceb 
make[1]: Verzeichnis „/home/IN/vade9658/Computer-Graphics/build/CMakeFiles/CMakeTmp“ wird verlassen


Detecting C compiler ABI info compiled with the following output:
Change Dir: /home/IN/vade9658/Computer-Graphics/build/CMakeFiles/CMakeTmp

Run Build Command:"/usr/bin/make" "cmTC_e0df5/fast"
/usr/bin/make -f CMakeFiles/cmTC_e0df5.dir/build.make CMakeFiles/cmTC_e0df5.dir/build
make[1]: Verzeichnis „/home/IN/vade9658/Computer-Graphics/build/CMakeFiles/CMakeTmp“ wird betreten
Building C object CMakeFiles/cmTC_e0df5.dir/CMakeCCompilerABI.c.o
/usr/bin/cc    -o CMakeFiles/cmTC_e0df5.dir/CMakeCCompilerABI.c.o   -c /usr/share/cmake-3.9/Modules/CMakeCCompilerABI.c
Linking C executable cmTC_e0df5
/usr/bin/cmake -E cmake_link_script CMakeFiles/cmTC_e0df5.dir/link.txt --verbose=1
/usr/bin/cc     -v -rdynamic CMakeFiles/cmTC_e0df5.dir/CMakeCCompilerABI.c.o  -o cmTC_e0df5 
Es werden eingebaute Spezifikationen verwendet.
COLLECT_GCC=/usr/bin/cc
COLLECT_LTO_WRAPPER=/usr/lib/gcc/x86_64-pc-linux-gnu/7.1.1/lto-wrapper
Ziel: x86_64-pc-linux-gnu
Konfiguriert mit: /build/gcc-multilib/src/gcc/configure --prefix=/usr --libdir=/usr/lib --libexecdir=/usr/lib --mandir=/usr/share/man --infodir=/usr/share/info --with-bugurl=https://bugs.archlinux.org/ --enable-languages=c,c++,ada,fortran,go,lto,objc,obj-c++ --enable-shared --enable-threads=posix --enable-libmpx --with-system-zlib --with-isl --enable-__cxa_atexit --disable-libunwind-exceptions --enable-clocale=gnu --disable-libstdcxx-pch --disable-libssp --enable-gnu-unique-object --enable-linker-build-id --enable-lto --enable-plugin --enable-install-libiberty --with-linker-hash-style=gnu --enable-gnu-indirect-function --enable-multilib --disable-werror --enable-checking=release --enable-default-pie --enable-default-ssp
Thread-Modell: posix
gcc-Version 7.1.1 20170630 (GCC) 
COMPILER_PATH=/usr/lib/gcc/x86_64-pc-linux-gnu/7.1.1/:/usr/lib/gcc/x86_64-pc-linux-gnu/7.1.1/:/usr/lib/gcc/x86_64-pc-linux-gnu/:/usr/lib/gcc/x86_64-pc-linux-gnu/7.1.1/:/usr/lib/gcc/x86_64-pc-linux-gnu/
LIBRARY_PATH=/usr/lib/gcc/x86_64-pc-linux-gnu/7.1.1/:/usr/lib/gcc/x86_64-pc-linux-gnu/7.1.1/../../../../lib/:/lib/../lib/:/usr/lib/../lib/:/opt/intel/composerxe/compiler/lib/intel64/:/opt/intel/composerxe/ipp/../compiler/lib/intel64/:/opt/intel/composerxe/ipp/lib/intel64/:/opt/intel/composerxe/compiler/lib/intel64/:/opt/intel/composerxe/mkl/lib/intel64/:/opt/intel/composerxe/tbb/lib/intel64/gcc4.1/:/usr/lib/gcc/x86_64-pc-linux-gnu/7.1.1/../../../:/lib/:/usr/lib/
COLLECT_GCC_OPTIONS='-v' '-rdynamic' '-o' 'cmTC_e0df5' '-mtune=generic' '-march=x86-64'
 /usr/lib/gcc/x86_64-pc-linux-gnu/7.1.1/collect2 -plugin /usr/lib/gcc/x86_64-pc-linux-gnu/7.1.1/liblto_plugin.so -plugin-opt=/usr/lib/gcc/x86_64-pc-linux-gnu/7.1.1/lto-wrapper -plugin-opt=-fresolution=/tmp/ccXLuf5L.res -plugin-opt=-pass-through=-lgcc -plugin-opt=-pass-through=-lgcc_s -plugin-opt=-pass-through=-lc -plugin-opt=-pass-through=-lgcc -plugin-opt=-pass-through=-lgcc_s --build-id --eh-frame-hdr --hash-style=gnu -m elf_x86_64 -export-dynamic -dynamic-linker /lib64/ld-linux-x86-64.so.2 -pie -o cmTC_e0df5 /usr/lib/gcc/x86_64-pc-linux-gnu/7.1.1/../../../../lib/Scrt1.o /usr/lib/gcc/x86_64-pc-linux-gnu/7.1.1/../../../../lib/crti.o /usr/lib/gcc/x86_64-pc-linux-gnu/7.1.1/crtbeginS.o -L/usr/lib/gcc/x86_64-pc-linux-gnu/7.1.1 -L/usr/lib/gcc/x86_64-pc-linux-gnu/7.1.1/../../../../lib -L/lib/../lib -L/usr/lib/../lib -L/opt/intel/composerxe/compiler/lib/intel64 -L/opt/intel/composerxe/ipp/../compiler/lib/intel64 -L/opt/intel/composerxe/ipp/lib/intel64 -L/opt/intel/composerxe/compiler/lib/intel64 -L/opt/intel/composerxe/mkl/lib/intel64 -L/opt/intel/composerxe/tbb/lib/intel64/gcc4.1 -L/usr/lib/gcc/x86_64-pc-linux-gnu/7.1.1/../../.. CMakeFiles/cmTC_e0df5.dir/CMakeCCompilerABI.c.o -lgcc --as-needed -lgcc_s --no-as-needed -lc -lgcc --as-needed -lgcc_s --no-as-needed /usr/lib/gcc/x86_64-pc-linux-gnu/7.1.1/crtendS.o /usr/lib/gcc/x86_64-pc-linux-gnu/7.1.1/../../../../lib/crtn.o
COLLECT_GCC_OPTIONS='-v' '-rdynamic' '-o' 'cmTC_e0df5' '-mtune=generic' '-march=x86-64'
make[1]: Verzeichnis „/home/IN/vade9658/Computer-Graphics/build/CMakeFiles/CMakeTmp“ wird verlassen


Parsed C implicit link information from above output:
  link line regex: [^( *|.*[/\])(ld|CMAKE_LINK_STARTFILE-NOTFOUND|([^/\]+-)?ld|collect2)[^/\]*( |$)]
  ignore line: [Change Dir: /home/IN/vade9658/Computer-Graphics/build/CMakeFiles/CMakeTmp]
  ignore line: []
  ignore line: [Run Build Command:"/usr/bin/make" "cmTC_e0df5/fast"]
  ignore line: [/usr/bin/make -f CMakeFiles/cmTC_e0df5.dir/build.make CMakeFiles/cmTC_e0df5.dir/build]
  ignore line: [make[1]: Verzeichnis „/home/IN/vade9658/Computer-Graphics/build/CMakeFiles/CMakeTmp“ wird betreten]
  ignore line: [Building C object CMakeFiles/cmTC_e0df5.dir/CMakeCCompilerABI.c.o]
  ignore line: [/usr/bin/cc    -o CMakeFiles/cmTC_e0df5.dir/CMakeCCompilerABI.c.o   -c /usr/share/cmake-3.9/Modules/CMakeCCompilerABI.c]
  ignore line: [Linking C executable cmTC_e0df5]
  ignore line: [/usr/bin/cmake -E cmake_link_script CMakeFiles/cmTC_e0df5.dir/link.txt --verbose=1]
  ignore line: [/usr/bin/cc     -v -rdynamic CMakeFiles/cmTC_e0df5.dir/CMakeCCompilerABI.c.o  -o cmTC_e0df5 ]
  ignore line: [Es werden eingebaute Spezifikationen verwendet.]
  ignore line: [COLLECT_GCC=/usr/bin/cc]
  ignore line: [COLLECT_LTO_WRAPPER=/usr/lib/gcc/x86_64-pc-linux-gnu/7.1.1/lto-wrapper]
  ignore line: [Ziel: x86_64-pc-linux-gnu]
  ignore line: [Konfiguriert mit: /build/gcc-multilib/src/gcc/configure --prefix=/usr --libdir=/usr/lib --libexecdir=/usr/lib --mandir=/usr/share/man --infodir=/usr/share/info --with-bugurl=https://bugs.archlinux.org/ --enable-languages=c,c++,ada,fortran,go,lto,objc,obj-c++ --enable-shared --enable-threads=posix --enable-libmpx --with-system-zlib --with-isl --enable-__cxa_atexit --disable-libunwind-exceptions --enable-clocale=gnu --disable-libstdcxx-pch --disable-libssp --enable-gnu-unique-object --enable-linker-build-id --enable-lto --enable-plugin --enable-install-libiberty --with-linker-hash-style=gnu --enable-gnu-indirect-function --enable-multilib --disable-werror --enable-checking=release --enable-default-pie --enable-default-ssp]
  ignore line: [Thread-Modell: posix]
  ignore line: [gcc-Version 7.1.1 20170630 (GCC) ]
  ignore line: [COMPILER_PATH=/usr/lib/gcc/x86_64-pc-linux-gnu/7.1.1/:/usr/lib/gcc/x86_64-pc-linux-gnu/7.1.1/:/usr/lib/gcc/x86_64-pc-linux-gnu/:/usr/lib/gcc/x86_64-pc-linux-gnu/7.1.1/:/usr/lib/gcc/x86_64-pc-linux-gnu/]
  ignore line: [LIBRARY_PATH=/usr/lib/gcc/x86_64-pc-linux-gnu/7.1.1/:/usr/lib/gcc/x86_64-pc-linux-gnu/7.1.1/../../../../lib/:/lib/../lib/:/usr/lib/../lib/:/opt/intel/composerxe/compiler/lib/intel64/:/opt/intel/composerxe/ipp/../compiler/lib/intel64/:/opt/intel/composerxe/ipp/lib/intel64/:/opt/intel/composerxe/compiler/lib/intel64/:/opt/intel/composerxe/mkl/lib/intel64/:/opt/intel/composerxe/tbb/lib/intel64/gcc4.1/:/usr/lib/gcc/x86_64-pc-linux-gnu/7.1.1/../../../:/lib/:/usr/lib/]
  ignore line: [COLLECT_GCC_OPTIONS='-v' '-rdynamic' '-o' 'cmTC_e0df5' '-mtune=generic' '-march=x86-64']
  link line: [ /usr/lib/gcc/x86_64-pc-linux-gnu/7.1.1/collect2 -plugin /usr/lib/gcc/x86_64-pc-linux-gnu/7.1.1/liblto_plugin.so -plugin-opt=/usr/lib/gcc/x86_64-pc-linux-gnu/7.1.1/lto-wrapper -plugin-opt=-fresolution=/tmp/ccXLuf5L.res -plugin-opt=-pass-through=-lgcc -plugin-opt=-pass-through=-lgcc_s -plugin-opt=-pass-through=-lc -plugin-opt=-pass-through=-lgcc -plugin-opt=-pass-through=-lgcc_s --build-id --eh-frame-hdr --hash-style=gnu -m elf_x86_64 -export-dynamic -dynamic-linker /lib64/ld-linux-x86-64.so.2 -pie -o cmTC_e0df5 /usr/lib/gcc/x86_64-pc-linux-gnu/7.1.1/../../../../lib/Scrt1.o /usr/lib/gcc/x86_64-pc-linux-gnu/7.1.1/../../../../lib/crti.o /usr/lib/gcc/x86_64-pc-linux-gnu/7.1.1/crtbeginS.o -L/usr/lib/gcc/x86_64-pc-linux-gnu/7.1.1 -L/usr/lib/gcc/x86_64-pc-linux-gnu/7.1.1/../../../../lib -L/lib/../lib -L/usr/lib/../lib -L/opt/intel/composerxe/compiler/lib/intel64 -L/opt/intel/composerxe/ipp/../compiler/lib/intel64 -L/opt/intel/composerxe/ipp/lib/intel64 -L/opt/intel/composerxe/compiler/lib/intel64 -L/opt/intel/composerxe/mkl/lib/intel64 -L/opt/intel/composerxe/tbb/lib/intel64/gcc4.1 -L/usr/lib/gcc/x86_64-pc-linux-gnu/7.1.1/../../.. CMakeFiles/cmTC_e0df5.dir/CMakeCCompilerABI.c.o -lgcc --as-needed -lgcc_s --no-as-needed -lc -lgcc --as-needed -lgcc_s --no-as-needed /usr/lib/gcc/x86_64-pc-linux-gnu/7.1.1/crtendS.o /usr/lib/gcc/x86_64-pc-linux-gnu/7.1.1/../../../../lib/crtn.o]
    arg [/usr/lib/gcc/x86_64-pc-linux-gnu/7.1.1/collect2] ==> ignore
    arg [-plugin] ==> ignore
    arg [/usr/lib/gcc/x86_64-pc-linux-gnu/7.1.1/liblto_plugin.so] ==> ignore
    arg [-plugin-opt=/usr/lib/gcc/x86_64-pc-linux-gnu/7.1.1/lto-wrapper] ==> ignore
    arg [-plugin-opt=-fresolution=/tmp/ccXLuf5L.res] ==> ignore
    arg [-plugin-opt=-pass-through=-lgcc] ==> ignore
    arg [-plugin-opt=-pass-through=-lgcc_s] ==> ignore
    arg [-plugin-opt=-pass-through=-lc] ==> ignore
    arg [-plugin-opt=-pass-through=-lgcc] ==> ignore
    arg [-plugin-opt=-pass-through=-lgcc_s] ==> ignore
    arg [--build-id] ==> ignore
    arg [--eh-frame-hdr] ==> ignore
    arg [--hash-style=gnu] ==> ignore
    arg [-m] ==> ignore
    arg [elf_x86_64] ==> ignore
    arg [-export-dynamic] ==> ignore
    arg [-dynamic-linker] ==> ignore
    arg [/lib64/ld-linux-x86-64.so.2] ==> ignore
    arg [-pie] ==> ignore
    arg [-o] ==> ignore
    arg [cmTC_e0df5] ==> ignore
    arg [/usr/lib/gcc/x86_64-pc-linux-gnu/7.1.1/../../../../lib/Scrt1.o] ==> ignore
    arg [/usr/lib/gcc/x86_64-pc-linux-gnu/7.1.1/../../../../lib/crti.o] ==> ignore
    arg [/usr/lib/gcc/x86_64-pc-linux-gnu/7.1.1/crtbeginS.o] ==> ignore
    arg [-L/usr/lib/gcc/x86_64-pc-linux-gnu/7.1.1] ==> dir [/usr/lib/gcc/x86_64-pc-linux-gnu/7.1.1]
    arg [-L/usr/lib/gcc/x86_64-pc-linux-gnu/7.1.1/../../../../lib] ==> dir [/usr/lib/gcc/x86_64-pc-linux-gnu/7.1.1/../../../../lib]
    arg [-L/lib/../lib] ==> dir [/lib/../lib]
    arg [-L/usr/lib/../lib] ==> dir [/usr/lib/../lib]
    arg [-L/opt/intel/composerxe/compiler/lib/intel64] ==> dir [/opt/intel/composerxe/compiler/lib/intel64]
    arg [-L/opt/intel/composerxe/ipp/../compiler/lib/intel64] ==> dir [/opt/intel/composerxe/ipp/../compiler/lib/intel64]
    arg [-L/opt/intel/composerxe/ipp/lib/intel64] ==> dir [/opt/intel/composerxe/ipp/lib/intel64]
    arg [-L/opt/intel/composerxe/compiler/lib/intel64] ==> dir [/opt/intel/composerxe/compiler/lib/intel64]
    arg [-L/opt/intel/composerxe/mkl/lib/intel64] ==> dir [/opt/intel/composerxe/mkl/lib/intel64]
    arg [-L/opt/intel/composerxe/tbb/lib/intel64/gcc4.1] ==> dir [/opt/intel/composerxe/tbb/lib/intel64/gcc4.1]
    arg [-L/usr/lib/gcc/x86_64-pc-linux-gnu/7.1.1/../../..] ==> dir [/usr/lib/gcc/x86_64-pc-linux-gnu/7.1.1/../../..]
    arg [CMakeFiles/cmTC_e0df5.dir/CMakeCCompilerABI.c.o] ==> ignore
    arg [-lgcc] ==> lib [gcc]
    arg [--as-needed] ==> ignore
    arg [-lgcc_s] ==> lib [gcc_s]
    arg [--no-as-needed] ==> ignore
    arg [-lc] ==> lib [c]
    arg [-lgcc] ==> lib [gcc]
    arg [--as-needed] ==> ignore
    arg [-lgcc_s] ==> lib [gcc_s]
    arg [--no-as-needed] ==> ignore
    arg [/usr/lib/gcc/x86_64-pc-linux-gnu/7.1.1/crtendS.o] ==> ignore
    arg [/usr/lib/gcc/x86_64-pc-linux-gnu/7.1.1/../../../../lib/crtn.o] ==> ignore
  collapse library dir [/usr/lib/gcc/x86_64-pc-linux-gnu/7.1.1] ==> [/usr/lib/gcc/x86_64-pc-linux-gnu/7.1.1]
  collapse library dir [/usr/lib/gcc/x86_64-pc-linux-gnu/7.1.1/../../../../lib] ==> [/usr/lib]
  collapse library dir [/lib/../lib] ==> [/lib]
  collapse library dir [/usr/lib/../lib] ==> [/usr/lib]
  collapse library dir [/opt/intel/composerxe/compiler/lib/intel64] ==> [/opt/intel/composerxe/compiler/lib/intel64]
  collapse library dir [/opt/intel/composerxe/ipp/../compiler/lib/intel64] ==> [/opt/intel/composerxe/compiler/lib/intel64]
  collapse library dir [/opt/intel/composerxe/ipp/lib/intel64] ==> [/opt/intel/composerxe/ipp/lib/intel64]
  collapse library dir [/opt/intel/composerxe/compiler/lib/intel64] ==> [/opt/intel/composerxe/compiler/lib/intel64]
  collapse library dir [/opt/intel/composerxe/mkl/lib/intel64] ==> [/opt/intel/composerxe/mkl/lib/intel64]
  collapse library dir [/opt/intel/composerxe/tbb/lib/intel64/gcc4.1] ==> [/opt/intel/composerxe/tbb/lib/intel64/gcc4.1]
  collapse library dir [/usr/lib/gcc/x86_64-pc-linux-gnu/7.1.1/../../..] ==> [/usr/lib]
  implicit libs: [gcc;gcc_s;c;gcc;gcc_s]
  implicit dirs: [/usr/lib/gcc/x86_64-pc-linux-gnu/7.1.1;/usr/lib;/lib;/opt/intel/composerxe/compiler/lib/intel64;/opt/intel/composerxe/ipp/lib/intel64;/opt/intel/composerxe/mkl/lib/intel64;/opt/intel/composerxe/tbb/lib/intel64/gcc4.1]
  implicit fwks: []




Detecting C [-std=c11] compiler features compiled with the following output:
Change Dir: /home/IN/vade9658/Computer-Graphics/build/CMakeFiles/CMakeTmp

Run Build Command:"/usr/bin/make" "cmTC_69328/fast"
/usr/bin/make -f CMakeFiles/cmTC_69328.dir/build.make CMakeFiles/cmTC_69328.dir/build
make[1]: Verzeichnis „/home/IN/vade9658/Computer-Graphics/build/CMakeFiles/CMakeTmp“ wird betreten
Building C object CMakeFiles/cmTC_69328.dir/feature_tests.c.o
/usr/bin/cc   -std=c11 -o CMakeFiles/cmTC_69328.dir/feature_tests.c.o   -c /home/IN/vade9658/Computer-Graphics/build/CMakeFiles/feature_tests.c
Linking C executable cmTC_69328
/usr/bin/cmake -E cmake_link_script CMakeFiles/cmTC_69328.dir/link.txt --verbose=1
/usr/bin/cc      -rdynamic CMakeFiles/cmTC_69328.dir/feature_tests.c.o  -o cmTC_69328 
make[1]: Verzeichnis „/home/IN/vade9658/Computer-Graphics/build/CMakeFiles/CMakeTmp“ wird verlassen


    Feature record: C_FEATURE:1c_function_prototypes
    Feature record: C_FEATURE:1c_restrict
    Feature record: C_FEATURE:1c_static_assert
    Feature record: C_FEATURE:1c_variadic_macros


Detecting C [-std=c99] compiler features compiled with the following output:
Change Dir: /home/IN/vade9658/Computer-Graphics/build/CMakeFiles/CMakeTmp

Run Build Command:"/usr/bin/make" "cmTC_27b20/fast"
/usr/bin/make -f CMakeFiles/cmTC_27b20.dir/build.make CMakeFiles/cmTC_27b20.dir/build
make[1]: Verzeichnis „/home/IN/vade9658/Computer-Graphics/build/CMakeFiles/CMakeTmp“ wird betreten
Building C object CMakeFiles/cmTC_27b20.dir/feature_tests.c.o
/usr/bin/cc   -std=c99 -o CMakeFiles/cmTC_27b20.dir/feature_tests.c.o   -c /home/IN/vade9658/Computer-Graphics/build/CMakeFiles/feature_tests.c
Linking C executable cmTC_27b20
/usr/bin/cmake -E cmake_link_script CMakeFiles/cmTC_27b20.dir/link.txt --verbose=1
/usr/bin/cc      -rdynamic CMakeFiles/cmTC_27b20.dir/feature_tests.c.o  -o cmTC_27b20 
make[1]: Verzeichnis „/home/IN/vade9658/Computer-Graphics/build/CMakeFiles/CMakeTmp“ wird verlassen


    Feature record: C_FEATURE:1c_function_prototypes
    Feature record: C_FEATURE:1c_restrict
    Feature record: C_FEATURE:0c_static_assert
    Feature record: C_FEATURE:1c_variadic_macros


Detecting C [-std=c90] compiler features compiled with the following output:
Change Dir: /home/IN/vade9658/Computer-Graphics/build/CMakeFiles/CMakeTmp

Run Build Command:"/usr/bin/make" "cmTC_3f181/fast"
/usr/bin/make -f CMakeFiles/cmTC_3f181.dir/build.make CMakeFiles/cmTC_3f181.dir/build
make[1]: Verzeichnis „/home/IN/vade9658/Computer-Graphics/build/CMakeFiles/CMakeTmp“ wird betreten
Building C object CMakeFiles/cmTC_3f181.dir/feature_tests.c.o
/usr/bin/cc   -std=c90 -o CMakeFiles/cmTC_3f181.dir/feature_tests.c.o   -c /home/IN/vade9658/Computer-Graphics/build/CMakeFiles/feature_tests.c
Linking C executable cmTC_3f181
/usr/bin/cmake -E cmake_link_script CMakeFiles/cmTC_3f181.dir/link.txt --verbose=1
/usr/bin/cc      -rdynamic CMakeFiles/cmTC_3f181.dir/feature_tests.c.o  -o cmTC_3f181 
make[1]: Verzeichnis „/home/IN/vade9658/Computer-Graphics/build/CMakeFiles/CMakeTmp“ wird verlassen


    Feature record: C_FEATURE:1c_function_prototypes
    Feature record: C_FEATURE:0c_restrict
    Feature record: C_FEATURE:0c_static_assert
    Feature record: C_FEATURE:0c_variadic_macros
Determining if the CXX compiler works passed with the following output:
Change Dir: /home/IN/vade9658/Computer-Graphics/build/CMakeFiles/CMakeTmp

Run Build Command:"/usr/bin/make" "cmTC_5f484/fast"
/usr/bin/make -f CMakeFiles/cmTC_5f484.dir/build.make CMakeFiles/cmTC_5f484.dir/build
make[1]: Verzeichnis „/home/IN/vade9658/Computer-Graphics/build/CMakeFiles/CMakeTmp“ wird betreten
Building CXX object CMakeFiles/cmTC_5f484.dir/testCXXCompiler.cxx.o
/usr/bin/c++     -o CMakeFiles/cmTC_5f484.dir/testCXXCompiler.cxx.o -c /home/IN/vade9658/Computer-Graphics/build/CMakeFiles/CMakeTmp/testCXXCompiler.cxx
Linking CXX executable cmTC_5f484
/usr/bin/cmake -E cmake_link_script CMakeFiles/cmTC_5f484.dir/link.txt --verbose=1
/usr/bin/c++       -rdynamic CMakeFiles/cmTC_5f484.dir/testCXXCompiler.cxx.o  -o cmTC_5f484 
make[1]: Verzeichnis „/home/IN/vade9658/Computer-Graphics/build/CMakeFiles/CMakeTmp“ wird verlassen


Detecting CXX compiler ABI info compiled with the following output:
Change Dir: /home/IN/vade9658/Computer-Graphics/build/CMakeFiles/CMakeTmp

Run Build Command:"/usr/bin/make" "cmTC_06fe1/fast"
/usr/bin/make -f CMakeFiles/cmTC_06fe1.dir/build.make CMakeFiles/cmTC_06fe1.dir/build
make[1]: Verzeichnis „/home/IN/vade9658/Computer-Graphics/build/CMakeFiles/CMakeTmp“ wird betreten
Building CXX object CMakeFiles/cmTC_06fe1.dir/CMakeCXXCompilerABI.cpp.o
/usr/bin/c++     -o CMakeFiles/cmTC_06fe1.dir/CMakeCXXCompilerABI.cpp.o -c /usr/share/cmake-3.9/Modules/CMakeCXXCompilerABI.cpp
Linking CXX executable cmTC_06fe1
/usr/bin/cmake -E cmake_link_script CMakeFiles/cmTC_06fe1.dir/link.txt --verbose=1
/usr/bin/c++      -v -rdynamic CMakeFiles/cmTC_06fe1.dir/CMakeCXXCompilerABI.cpp.o  -o cmTC_06fe1 
Es werden eingebaute Spezifikationen verwendet.
COLLECT_GCC=/usr/bin/c++
COLLECT_LTO_WRAPPER=/usr/lib/gcc/x86_64-pc-linux-gnu/7.1.1/lto-wrapper
Ziel: x86_64-pc-linux-gnu
Konfiguriert mit: /build/gcc-multilib/src/gcc/configure --prefix=/usr --libdir=/usr/lib --libexecdir=/usr/lib --mandir=/usr/share/man --infodir=/usr/share/info --with-bugurl=https://bugs.archlinux.org/ --enable-languages=c,c++,ada,fortran,go,lto,objc,obj-c++ --enable-shared --enable-threads=posix --enable-libmpx --with-system-zlib --with-isl --enable-__cxa_atexit --disable-libunwind-exceptions --enable-clocale=gnu --disable-libstdcxx-pch --disable-libssp --enable-gnu-unique-object --enable-linker-build-id --enable-lto --enable-plugin --enable-install-libiberty --with-linker-hash-style=gnu --enable-gnu-indirect-function --enable-multilib --disable-werror --enable-checking=release --enable-default-pie --enable-default-ssp
Thread-Modell: posix
gcc-Version 7.1.1 20170630 (GCC) 
COMPILER_PATH=/usr/lib/gcc/x86_64-pc-linux-gnu/7.1.1/:/usr/lib/gcc/x86_64-pc-linux-gnu/7.1.1/:/usr/lib/gcc/x86_64-pc-linux-gnu/:/usr/lib/gcc/x86_64-pc-linux-gnu/7.1.1/:/usr/lib/gcc/x86_64-pc-linux-gnu/
LIBRARY_PATH=/usr/lib/gcc/x86_64-pc-linux-gnu/7.1.1/:/usr/lib/gcc/x86_64-pc-linux-gnu/7.1.1/../../../../lib/:/lib/../lib/:/usr/lib/../lib/:/opt/intel/composerxe/compiler/lib/intel64/:/opt/intel/composerxe/ipp/../compiler/lib/intel64/:/opt/intel/composerxe/ipp/lib/intel64/:/opt/intel/composerxe/compiler/lib/intel64/:/opt/intel/composerxe/mkl/lib/intel64/:/opt/intel/composerxe/tbb/lib/intel64/gcc4.1/:/usr/lib/gcc/x86_64-pc-linux-gnu/7.1.1/../../../:/lib/:/usr/lib/
COLLECT_GCC_OPTIONS='-v' '-rdynamic' '-o' 'cmTC_06fe1' '-shared-libgcc' '-mtune=generic' '-march=x86-64'
 /usr/lib/gcc/x86_64-pc-linux-gnu/7.1.1/collect2 -plugin /usr/lib/gcc/x86_64-pc-linux-gnu/7.1.1/liblto_plugin.so -plugin-opt=/usr/lib/gcc/x86_64-pc-linux-gnu/7.1.1/lto-wrapper -plugin-opt=-fresolution=/tmp/cckKFrz1.res -plugin-opt=-pass-through=-lgcc_s -plugin-opt=-pass-through=-lgcc -plugin-opt=-pass-through=-lc -plugin-opt=-pass-through=-lgcc_s -plugin-opt=-pass-through=-lgcc --build-id --eh-frame-hdr --hash-style=gnu -m elf_x86_64 -export-dynamic -dynamic-linker /lib64/ld-linux-x86-64.so.2 -pie -o cmTC_06fe1 /usr/lib/gcc/x86_64-pc-linux-gnu/7.1.1/../../../../lib/Scrt1.o /usr/lib/gcc/x86_64-pc-linux-gnu/7.1.1/../../../../lib/crti.o /usr/lib/gcc/x86_64-pc-linux-gnu/7.1.1/crtbeginS.o -L/usr/lib/gcc/x86_64-pc-linux-gnu/7.1.1 -L/usr/lib/gcc/x86_64-pc-linux-gnu/7.1.1/../../../../lib -L/lib/../lib -L/usr/lib/../lib -L/opt/intel/composerxe/compiler/lib/intel64 -L/opt/intel/composerxe/ipp/../compiler/lib/intel64 -L/opt/intel/composerxe/ipp/lib/intel64 -L/opt/intel/composerxe/compiler/lib/intel64 -L/opt/intel/composerxe/mkl/lib/intel64 -L/opt/intel/composerxe/tbb/lib/intel64/gcc4.1 -L/usr/lib/gcc/x86_64-pc-linux-gnu/7.1.1/../../.. CMakeFiles/cmTC_06fe1.dir/CMakeCXXCompilerABI.cpp.o -lstdc++ -lm -lgcc_s -lgcc -lc -lgcc_s -lgcc /usr/lib/gcc/x86_64-pc-linux-gnu/7.1.1/crtendS.o /usr/lib/gcc/x86_64-pc-linux-gnu/7.1.1/../../../../lib/crtn.o
COLLECT_GCC_OPTIONS='-v' '-rdynamic' '-o' 'cmTC_06fe1' '-shared-libgcc' '-mtune=generic' '-march=x86-64'
make[1]: Verzeichnis „/home/IN/vade9658/Computer-Graphics/build/CMakeFiles/CMakeTmp“ wird verlassen


Parsed CXX implicit link information from above output:
  link line regex: [^( *|.*[/\])(ld|CMAKE_LINK_STARTFILE-NOTFOUND|([^/\]+-)?ld|collect2)[^/\]*( |$)]
  ignore line: [Change Dir: /home/IN/vade9658/Computer-Graphics/build/CMakeFiles/CMakeTmp]
  ignore line: []
  ignore line: [Run Build Command:"/usr/bin/make" "cmTC_06fe1/fast"]
  ignore line: [/usr/bin/make -f CMakeFiles/cmTC_06fe1.dir/build.make CMakeFiles/cmTC_06fe1.dir/build]
  ignore line: [make[1]: Verzeichnis „/home/IN/vade9658/Computer-Graphics/build/CMakeFiles/CMakeTmp“ wird betreten]
  ignore line: [Building CXX object CMakeFiles/cmTC_06fe1.dir/CMakeCXXCompilerABI.cpp.o]
  ignore line: [/usr/bin/c++     -o CMakeFiles/cmTC_06fe1.dir/CMakeCXXCompilerABI.cpp.o -c /usr/share/cmake-3.9/Modules/CMakeCXXCompilerABI.cpp]
  ignore line: [Linking CXX executable cmTC_06fe1]
  ignore line: [/usr/bin/cmake -E cmake_link_script CMakeFiles/cmTC_06fe1.dir/link.txt --verbose=1]
  ignore line: [/usr/bin/c++      -v -rdynamic CMakeFiles/cmTC_06fe1.dir/CMakeCXXCompilerABI.cpp.o  -o cmTC_06fe1 ]
  ignore line: [Es werden eingebaute Spezifikationen verwendet.]
  ignore line: [COLLECT_GCC=/usr/bin/c++]
  ignore line: [COLLECT_LTO_WRAPPER=/usr/lib/gcc/x86_64-pc-linux-gnu/7.1.1/lto-wrapper]
  ignore line: [Ziel: x86_64-pc-linux-gnu]
  ignore line: [Konfiguriert mit: /build/gcc-multilib/src/gcc/configure --prefix=/usr --libdir=/usr/lib --libexecdir=/usr/lib --mandir=/usr/share/man --infodir=/usr/share/info --with-bugurl=https://bugs.archlinux.org/ --enable-languages=c,c++,ada,fortran,go,lto,objc,obj-c++ --enable-shared --enable-threads=posix --enable-libmpx --with-system-zlib --with-isl --enable-__cxa_atexit --disable-libunwind-exceptions --enable-clocale=gnu --disable-libstdcxx-pch --disable-libssp --enable-gnu-unique-object --enable-linker-build-id --enable-lto --enable-plugin --enable-install-libiberty --with-linker-hash-style=gnu --enable-gnu-indirect-function --enable-multilib --disable-werror --enable-checking=release --enable-default-pie --enable-default-ssp]
  ignore line: [Thread-Modell: posix]
  ignore line: [gcc-Version 7.1.1 20170630 (GCC) ]
  ignore line: [COMPILER_PATH=/usr/lib/gcc/x86_64-pc-linux-gnu/7.1.1/:/usr/lib/gcc/x86_64-pc-linux-gnu/7.1.1/:/usr/lib/gcc/x86_64-pc-linux-gnu/:/usr/lib/gcc/x86_64-pc-linux-gnu/7.1.1/:/usr/lib/gcc/x86_64-pc-linux-gnu/]
  ignore line: [LIBRARY_PATH=/usr/lib/gcc/x86_64-pc-linux-gnu/7.1.1/:/usr/lib/gcc/x86_64-pc-linux-gnu/7.1.1/../../../../lib/:/lib/../lib/:/usr/lib/../lib/:/opt/intel/composerxe/compiler/lib/intel64/:/opt/intel/composerxe/ipp/../compiler/lib/intel64/:/opt/intel/composerxe/ipp/lib/intel64/:/opt/intel/composerxe/compiler/lib/intel64/:/opt/intel/composerxe/mkl/lib/intel64/:/opt/intel/composerxe/tbb/lib/intel64/gcc4.1/:/usr/lib/gcc/x86_64-pc-linux-gnu/7.1.1/../../../:/lib/:/usr/lib/]
  ignore line: [COLLECT_GCC_OPTIONS='-v' '-rdynamic' '-o' 'cmTC_06fe1' '-shared-libgcc' '-mtune=generic' '-march=x86-64']
  link line: [ /usr/lib/gcc/x86_64-pc-linux-gnu/7.1.1/collect2 -plugin /usr/lib/gcc/x86_64-pc-linux-gnu/7.1.1/liblto_plugin.so -plugin-opt=/usr/lib/gcc/x86_64-pc-linux-gnu/7.1.1/lto-wrapper -plugin-opt=-fresolution=/tmp/cckKFrz1.res -plugin-opt=-pass-through=-lgcc_s -plugin-opt=-pass-through=-lgcc -plugin-opt=-pass-through=-lc -plugin-opt=-pass-through=-lgcc_s -plugin-opt=-pass-through=-lgcc --build-id --eh-frame-hdr --hash-style=gnu -m elf_x86_64 -export-dynamic -dynamic-linker /lib64/ld-linux-x86-64.so.2 -pie -o cmTC_06fe1 /usr/lib/gcc/x86_64-pc-linux-gnu/7.1.1/../../../../lib/Scrt1.o /usr/lib/gcc/x86_64-pc-linux-gnu/7.1.1/../../../../lib/crti.o /usr/lib/gcc/x86_64-pc-linux-gnu/7.1.1/crtbeginS.o -L/usr/lib/gcc/x86_64-pc-linux-gnu/7.1.1 -L/usr/lib/gcc/x86_64-pc-linux-gnu/7.1.1/../../../../lib -L/lib/../lib -L/usr/lib/../lib -L/opt/intel/composerxe/compiler/lib/intel64 -L/opt/intel/composerxe/ipp/../compiler/lib/intel64 -L/opt/intel/composerxe/ipp/lib/intel64 -L/opt/intel/composerxe/compiler/lib/intel64 -L/opt/intel/composerxe/mkl/lib/intel64 -L/opt/intel/composerxe/tbb/lib/intel64/gcc4.1 -L/usr/lib/gcc/x86_64-pc-linux-gnu/7.1.1/../../.. CMakeFiles/cmTC_06fe1.dir/CMakeCXXCompilerABI.cpp.o -lstdc++ -lm -lgcc_s -lgcc -lc -lgcc_s -lgcc /usr/lib/gcc/x86_64-pc-linux-gnu/7.1.1/crtendS.o /usr/lib/gcc/x86_64-pc-linux-gnu/7.1.1/../../../../lib/crtn.o]
    arg [/usr/lib/gcc/x86_64-pc-linux-gnu/7.1.1/collect2] ==> ignore
    arg [-plugin] ==> ignore
    arg [/usr/lib/gcc/x86_64-pc-linux-gnu/7.1.1/liblto_plugin.so] ==> ignore
    arg [-plugin-opt=/usr/lib/gcc/x86_64-pc-linux-gnu/7.1.1/lto-wrapper] ==> ignore
    arg [-plugin-opt=-fresolution=/tmp/cckKFrz1.res] ==> ignore
    arg [-plugin-opt=-pass-through=-lgcc_s] ==> ignore
    arg [-plugin-opt=-pass-through=-lgcc] ==> ignore
    arg [-plugin-opt=-pass-through=-lc] ==> ignore
    arg [-plugin-opt=-pass-through=-lgcc_s] ==> ignore
    arg [-plugin-opt=-pass-through=-lgcc] ==> ignore
    arg [--build-id] ==> ignore
    arg [--eh-frame-hdr] ==> ignore
    arg [--hash-style=gnu] ==> ignore
    arg [-m] ==> ignore
    arg [elf_x86_64] ==> ignore
    arg [-export-dynamic] ==> ignore
    arg [-dynamic-linker] ==> ignore
    arg [/lib64/ld-linux-x86-64.so.2] ==> ignore
    arg [-pie] ==> ignore
    arg [-o] ==> ignore
    arg [cmTC_06fe1] ==> ignore
    arg [/usr/lib/gcc/x86_64-pc-linux-gnu/7.1.1/../../../../lib/Scrt1.o] ==> ignore
    arg [/usr/lib/gcc/x86_64-pc-linux-gnu/7.1.1/../../../../lib/crti.o] ==> ignore
    arg [/usr/lib/gcc/x86_64-pc-linux-gnu/7.1.1/crtbeginS.o] ==> ignore
    arg [-L/usr/lib/gcc/x86_64-pc-linux-gnu/7.1.1] ==> dir [/usr/lib/gcc/x86_64-pc-linux-gnu/7.1.1]
    arg [-L/usr/lib/gcc/x86_64-pc-linux-gnu/7.1.1/../../../../lib] ==> dir [/usr/lib/gcc/x86_64-pc-linux-gnu/7.1.1/../../../../lib]
    arg [-L/lib/../lib] ==> dir [/lib/../lib]
    arg [-L/usr/lib/../lib] ==> dir [/usr/lib/../lib]
    arg [-L/opt/intel/composerxe/compiler/lib/intel64] ==> dir [/opt/intel/composerxe/compiler/lib/intel64]
    arg [-L/opt/intel/composerxe/ipp/../compiler/lib/intel64] ==> dir [/opt/intel/composerxe/ipp/../compiler/lib/intel64]
    arg [-L/opt/intel/composerxe/ipp/lib/intel64] ==> dir [/opt/intel/composerxe/ipp/lib/intel64]
    arg [-L/opt/intel/composerxe/compiler/lib/intel64] ==> dir [/opt/intel/composerxe/compiler/lib/intel64]
    arg [-L/opt/intel/composerxe/mkl/lib/intel64] ==> dir [/opt/intel/composerxe/mkl/lib/intel64]
    arg [-L/opt/intel/composerxe/tbb/lib/intel64/gcc4.1] ==> dir [/opt/intel/composerxe/tbb/lib/intel64/gcc4.1]
    arg [-L/usr/lib/gcc/x86_64-pc-linux-gnu/7.1.1/../../..] ==> dir [/usr/lib/gcc/x86_64-pc-linux-gnu/7.1.1/../../..]
    arg [CMakeFiles/cmTC_06fe1.dir/CMakeCXXCompilerABI.cpp.o] ==> ignore
    arg [-lstdc++] ==> lib [stdc++]
    arg [-lm] ==> lib [m]
    arg [-lgcc_s] ==> lib [gcc_s]
    arg [-lgcc] ==> lib [gcc]
    arg [-lc] ==> lib [c]
    arg [-lgcc_s] ==> lib [gcc_s]
    arg [-lgcc] ==> lib [gcc]
    arg [/usr/lib/gcc/x86_64-pc-linux-gnu/7.1.1/crtendS.o] ==> ignore
    arg [/usr/lib/gcc/x86_64-pc-linux-gnu/7.1.1/../../../../lib/crtn.o] ==> ignore
  collapse library dir [/usr/lib/gcc/x86_64-pc-linux-gnu/7.1.1] ==> [/usr/lib/gcc/x86_64-pc-linux-gnu/7.1.1]
  collapse library dir [/usr/lib/gcc/x86_64-pc-linux-gnu/7.1.1/../../../../lib] ==> [/usr/lib]
  collapse library dir [/lib/../lib] ==> [/lib]
  collapse library dir [/usr/lib/../lib] ==> [/usr/lib]
  collapse library dir [/opt/intel/composerxe/compiler/lib/intel64] ==> [/opt/intel/composerxe/compiler/lib/intel64]
  collapse library dir [/opt/intel/composerxe/ipp/../compiler/lib/intel64] ==> [/opt/intel/composerxe/compiler/lib/intel64]
  collapse library dir [/opt/intel/composerxe/ipp/lib/intel64] ==> [/opt/intel/composerxe/ipp/lib/intel64]
  collapse library dir [/opt/intel/composerxe/compiler/lib/intel64] ==> [/opt/intel/composerxe/compiler/lib/intel64]
  collapse library dir [/opt/intel/composerxe/mkl/lib/intel64] ==> [/opt/intel/composerxe/mkl/lib/intel64]
  collapse library dir [/opt/intel/composerxe/tbb/lib/intel64/gcc4.1] ==> [/opt/intel/composerxe/tbb/lib/intel64/gcc4.1]
  collapse library dir [/usr/lib/gcc/x86_64-pc-linux-gnu/7.1.1/../../..] ==> [/usr/lib]
  implicit libs: [stdc++;m;gcc_s;gcc;c;gcc_s;gcc]
  implicit dirs: [/usr/lib/gcc/x86_64-pc-linux-gnu/7.1.1;/usr/lib;/lib;/opt/intel/composerxe/compiler/lib/intel64;/opt/intel/composerxe/ipp/lib/intel64;/opt/intel/composerxe/mkl/lib/intel64;/opt/intel/composerxe/tbb/lib/intel64/gcc4.1]
  implicit fwks: []




Detecting CXX [-std=c++1z] compiler features compiled with the following output:
Change Dir: /home/IN/vade9658/Computer-Graphics/build/CMakeFiles/CMakeTmp

Run Build Command:"/usr/bin/make" "cmTC_cabd3/fast"
/usr/bin/make -f CMakeFiles/cmTC_cabd3.dir/build.make CMakeFiles/cmTC_cabd3.dir/build
make[1]: Verzeichnis „/home/IN/vade9658/Computer-Graphics/build/CMakeFiles/CMakeTmp“ wird betreten
Building CXX object CMakeFiles/cmTC_cabd3.dir/feature_tests.cxx.o
/usr/bin/c++    -std=c++1z -o CMakeFiles/cmTC_cabd3.dir/feature_tests.cxx.o -c /home/IN/vade9658/Computer-Graphics/build/CMakeFiles/feature_tests.cxx
Linking CXX executable cmTC_cabd3
/usr/bin/cmake -E cmake_link_script CMakeFiles/cmTC_cabd3.dir/link.txt --verbose=1
/usr/bin/c++       -rdynamic CMakeFiles/cmTC_cabd3.dir/feature_tests.cxx.o  -o cmTC_cabd3 
make[1]: Verzeichnis „/home/IN/vade9658/Computer-Graphics/build/CMakeFiles/CMakeTmp“ wird verlassen


    Feature record: CXX_FEATURE:1cxx_aggregate_default_initializers
    Feature record: CXX_FEATURE:1cxx_alias_templates
    Feature record: CXX_FEATURE:1cxx_alignas
    Feature record: CXX_FEATURE:1cxx_alignof
    Feature record: CXX_FEATURE:1cxx_attributes
    Feature record: CXX_FEATURE:1cxx_attribute_deprecated
    Feature record: CXX_FEATURE:1cxx_auto_type
    Feature record: CXX_FEATURE:1cxx_binary_literals
    Feature record: CXX_FEATURE:1cxx_constexpr
    Feature record: CXX_FEATURE:1cxx_contextual_conversions
    Feature record: CXX_FEATURE:1cxx_decltype
    Feature record: CXX_FEATURE:1cxx_decltype_auto
    Feature record: CXX_FEATURE:1cxx_decltype_incomplete_return_types
    Feature record: CXX_FEATURE:1cxx_default_function_template_args
    Feature record: CXX_FEATURE:1cxx_defaulted_functions
    Feature record: CXX_FEATURE:1cxx_defaulted_move_initializers
    Feature record: CXX_FEATURE:1cxx_delegating_constructors
    Feature record: CXX_FEATURE:1cxx_deleted_functions
    Feature record: CXX_FEATURE:1cxx_digit_separators
    Feature record: CXX_FEATURE:1cxx_enum_forward_declarations
    Feature record: CXX_FEATURE:1cxx_explicit_conversions
    Feature record: CXX_FEATURE:1cxx_extended_friend_declarations
    Feature record: CXX_FEATURE:1cxx_extern_templates
    Feature record: CXX_FEATURE:1cxx_final
    Feature record: CXX_FEATURE:1cxx_func_identifier
    Feature record: CXX_FEATURE:1cxx_generalized_initializers
    Feature record: CXX_FEATURE:1cxx_generic_lambdas
    Feature record: CXX_FEATURE:1cxx_inheriting_constructors
    Feature record: CXX_FEATURE:1cxx_inline_namespaces
    Feature record: CXX_FEATURE:1cxx_lambdas
    Feature record: CXX_FEATURE:1cxx_lambda_init_captures
    Feature record: CXX_FEATURE:1cxx_local_type_template_args
    Feature record: CXX_FEATURE:1cxx_long_long_type
    Feature record: CXX_FEATURE:1cxx_noexcept
    Feature record: CXX_FEATURE:1cxx_nonstatic_member_init
    Feature record: CXX_FEATURE:1cxx_nullptr
    Feature record: CXX_FEATURE:1cxx_override
    Feature record: CXX_FEATURE:1cxx_range_for
    Feature record: CXX_FEATURE:1cxx_raw_string_literals
    Feature record: CXX_FEATURE:1cxx_reference_qualified_functions
    Feature record: CXX_FEATURE:1cxx_relaxed_constexpr
    Feature record: CXX_FEATURE:1cxx_return_type_deduction
    Feature record: CXX_FEATURE:1cxx_right_angle_brackets
    Feature record: CXX_FEATURE:1cxx_rvalue_references
    Feature record: CXX_FEATURE:1cxx_sizeof_member
    Feature record: CXX_FEATURE:1cxx_static_assert
    Feature record: CXX_FEATURE:1cxx_strong_enums
    Feature record: CXX_FEATURE:1cxx_template_template_parameters
    Feature record: CXX_FEATURE:1cxx_thread_local
    Feature record: CXX_FEATURE:1cxx_trailing_return_types
    Feature record: CXX_FEATURE:1cxx_unicode_literals
    Feature record: CXX_FEATURE:1cxx_uniform_initialization
    Feature record: CXX_FEATURE:1cxx_unrestricted_unions
    Feature record: CXX_FEATURE:1cxx_user_literals
    Feature record: CXX_FEATURE:1cxx_variable_templates
    Feature record: CXX_FEATURE:1cxx_variadic_macros
    Feature record: CXX_FEATURE:1cxx_variadic_templates


Detecting CXX [-std=c++14] compiler features compiled with the following output:
Change Dir: /home/IN/vade9658/Computer-Graphics/build/CMakeFiles/CMakeTmp

Run Build Command:"/usr/bin/make" "cmTC_e9eec/fast"
/usr/bin/make -f CMakeFiles/cmTC_e9eec.dir/build.make CMakeFiles/cmTC_e9eec.dir/build
make[1]: Verzeichnis „/home/IN/vade9658/Computer-Graphics/build/CMakeFiles/CMakeTmp“ wird betreten
Building CXX object CMakeFiles/cmTC_e9eec.dir/feature_tests.cxx.o
/usr/bin/c++    -std=c++14 -o CMakeFiles/cmTC_e9eec.dir/feature_tests.cxx.o -c /home/IN/vade9658/Computer-Graphics/build/CMakeFiles/feature_tests.cxx
Linking CXX executable cmTC_e9eec
/usr/bin/cmake -E cmake_link_script CMakeFiles/cmTC_e9eec.dir/link.txt --verbose=1
/usr/bin/c++       -rdynamic CMakeFiles/cmTC_e9eec.dir/feature_tests.cxx.o  -o cmTC_e9eec 
make[1]: Verzeichnis „/home/IN/vade9658/Computer-Graphics/build/CMakeFiles/CMakeTmp“ wird verlassen


    Feature record: CXX_FEATURE:1cxx_aggregate_default_initializers
    Feature record: CXX_FEATURE:1cxx_alias_templates
    Feature record: CXX_FEATURE:1cxx_alignas
    Feature record: CXX_FEATURE:1cxx_alignof
    Feature record: CXX_FEATURE:1cxx_attributes
    Feature record: CXX_FEATURE:1cxx_attribute_deprecated
    Feature record: CXX_FEATURE:1cxx_auto_type
    Feature record: CXX_FEATURE:1cxx_binary_literals
    Feature record: CXX_FEATURE:1cxx_constexpr
    Feature record: CXX_FEATURE:1cxx_contextual_conversions
    Feature record: CXX_FEATURE:1cxx_decltype
    Feature record: CXX_FEATURE:1cxx_decltype_auto
    Feature record: CXX_FEATURE:1cxx_decltype_incomplete_return_types
    Feature record: CXX_FEATURE:1cxx_default_function_template_args
    Feature record: CXX_FEATURE:1cxx_defaulted_functions
    Feature record: CXX_FEATURE:1cxx_defaulted_move_initializers
    Feature record: CXX_FEATURE:1cxx_delegating_constructors
    Feature record: CXX_FEATURE:1cxx_deleted_functions
    Feature record: CXX_FEATURE:1cxx_digit_separators
    Feature record: CXX_FEATURE:1cxx_enum_forward_declarations
    Feature record: CXX_FEATURE:1cxx_explicit_conversions
    Feature record: CXX_FEATURE:1cxx_extended_friend_declarations
    Feature record: CXX_FEATURE:1cxx_extern_templates
    Feature record: CXX_FEATURE:1cxx_final
    Feature record: CXX_FEATURE:1cxx_func_identifier
    Feature record: CXX_FEATURE:1cxx_generalized_initializers
    Feature record: CXX_FEATURE:1cxx_generic_lambdas
    Feature record: CXX_FEATURE:1cxx_inheriting_constructors
    Feature record: CXX_FEATURE:1cxx_inline_namespaces
    Feature record: CXX_FEATURE:1cxx_lambdas
    Feature record: CXX_FEATURE:1cxx_lambda_init_captures
    Feature record: CXX_FEATURE:1cxx_local_type_template_args
    Feature record: CXX_FEATURE:1cxx_long_long_type
    Feature record: CXX_FEATURE:1cxx_noexcept
    Feature record: CXX_FEATURE:1cxx_nonstatic_member_init
    Feature record: CXX_FEATURE:1cxx_nullptr
    Feature record: CXX_FEATURE:1cxx_override
    Feature record: CXX_FEATURE:1cxx_range_for
    Feature record: CXX_FEATURE:1cxx_raw_string_literals
    Feature record: CXX_FEATURE:1cxx_reference_qualified_functions
    Feature record: CXX_FEATURE:1cxx_relaxed_constexpr
    Feature record: CXX_FEATURE:1cxx_return_type_deduction
    Feature record: CXX_FEATURE:1cxx_right_angle_brackets
    Feature record: CXX_FEATURE:1cxx_rvalue_references
    Feature record: CXX_FEATURE:1cxx_sizeof_member
    Feature record: CXX_FEATURE:1cxx_static_assert
    Feature record: CXX_FEATURE:1cxx_strong_enums
    Feature record: CXX_FEATURE:1cxx_template_template_parameters
    Feature record: CXX_FEATURE:1cxx_thread_local
    Feature record: CXX_FEATURE:1cxx_trailing_return_types
    Feature record: CXX_FEATURE:1cxx_unicode_literals
    Feature record: CXX_FEATURE:1cxx_uniform_initialization
    Feature record: CXX_FEATURE:1cxx_unrestricted_unions
    Feature record: CXX_FEATURE:1cxx_user_literals
    Feature record: CXX_FEATURE:1cxx_variable_templates
    Feature record: CXX_FEATURE:1cxx_variadic_macros
    Feature record: CXX_FEATURE:1cxx_variadic_templates


Detecting CXX [-std=c++11] compiler features compiled with the following output:
Change Dir: /home/IN/vade9658/Computer-Graphics/build/CMakeFiles/CMakeTmp

Run Build Command:"/usr/bin/make" "cmTC_ec14d/fast"
/usr/bin/make -f CMakeFiles/cmTC_ec14d.dir/build.make CMakeFiles/cmTC_ec14d.dir/build
make[1]: Verzeichnis „/home/IN/vade9658/Computer-Graphics/build/CMakeFiles/CMakeTmp“ wird betreten
Building CXX object CMakeFiles/cmTC_ec14d.dir/feature_tests.cxx.o
/usr/bin/c++    -std=c++11 -o CMakeFiles/cmTC_ec14d.dir/feature_tests.cxx.o -c /home/IN/vade9658/Computer-Graphics/build/CMakeFiles/feature_tests.cxx
Linking CXX executable cmTC_ec14d
/usr/bin/cmake -E cmake_link_script CMakeFiles/cmTC_ec14d.dir/link.txt --verbose=1
/usr/bin/c++       -rdynamic CMakeFiles/cmTC_ec14d.dir/feature_tests.cxx.o  -o cmTC_ec14d 
make[1]: Verzeichnis „/home/IN/vade9658/Computer-Graphics/build/CMakeFiles/CMakeTmp“ wird verlassen


    Feature record: CXX_FEATURE:0cxx_aggregate_default_initializers
    Feature record: CXX_FEATURE:1cxx_alias_templates
    Feature record: CXX_FEATURE:1cxx_alignas
    Feature record: CXX_FEATURE:1cxx_alignof
    Feature record: CXX_FEATURE:1cxx_attributes
    Feature record: CXX_FEATURE:0cxx_attribute_deprecated
    Feature record: CXX_FEATURE:1cxx_auto_type
    Feature record: CXX_FEATURE:0cxx_binary_literals
    Feature record: CXX_FEATURE:1cxx_constexpr
    Feature record: CXX_FEATURE:0cxx_contextual_conversions
    Feature record: CXX_FEATURE:1cxx_decltype
    Feature record: CXX_FEATURE:0cxx_decltype_auto
    Feature record: CXX_FEATURE:1cxx_decltype_incomplete_return_types
    Feature record: CXX_FEATURE:1cxx_default_function_template_args
    Feature record: CXX_FEATURE:1cxx_defaulted_functions
    Feature record: CXX_FEATURE:1cxx_defaulted_move_initializers
    Feature record: CXX_FEATURE:1cxx_delegating_constructors
    Feature record: CXX_FEATURE:1cxx_deleted_functions
    Feature record: CXX_FEATURE:0cxx_digit_separators
    Feature record: CXX_FEATURE:1cxx_enum_forward_declarations
    Feature record: CXX_FEATURE:1cxx_explicit_conversions
    Feature record: CXX_FEATURE:1cxx_extended_friend_declarations
    Feature record: CXX_FEATURE:1cxx_extern_templates
    Feature record: CXX_FEATURE:1cxx_final
    Feature record: CXX_FEATURE:1cxx_func_identifier
    Feature record: CXX_FEATURE:1cxx_generalized_initializers
    Feature record: CXX_FEATURE:0cxx_generic_lambdas
    Feature record: CXX_FEATURE:1cxx_inheriting_constructors
    Feature record: CXX_FEATURE:1cxx_inline_namespaces
    Feature record: CXX_FEATURE:1cxx_lambdas
    Feature record: CXX_FEATURE:0cxx_lambda_init_captures
    Feature record: CXX_FEATURE:1cxx_local_type_template_args
    Feature record: CXX_FEATURE:1cxx_long_long_type
    Feature record: CXX_FEATURE:1cxx_noexcept
    Feature record: CXX_FEATURE:1cxx_nonstatic_member_init
    Feature record: CXX_FEATURE:1cxx_nullptr
    Feature record: CXX_FEATURE:1cxx_override
    Feature record: CXX_FEATURE:1cxx_range_for
    Feature record: CXX_FEATURE:1cxx_raw_string_literals
    Feature record: CXX_FEATURE:1cxx_reference_qualified_functions
    Feature record: CXX_FEATURE:0cxx_relaxed_constexpr
    Feature record: CXX_FEATURE:0cxx_return_type_deduction
    Feature record: CXX_FEATURE:1cxx_right_angle_brackets
    Feature record: CXX_FEATURE:1cxx_rvalue_references
    Feature record: CXX_FEATURE:1cxx_sizeof_member
    Feature record: CXX_FEATURE:1cxx_static_assert
    Feature record: CXX_FEATURE:1cxx_strong_enums
    Feature record: CXX_FEATURE:1cxx_template_template_parameters
    Feature record: CXX_FEATURE:1cxx_thread_local
    Feature record: CXX_FEATURE:1cxx_trailing_return_types
    Feature record: CXX_FEATURE:1cxx_unicode_literals
    Feature record: CXX_FEATURE:1cxx_uniform_initialization
    Feature record: CXX_FEATURE:1cxx_unrestricted_unions
    Feature record: CXX_FEATURE:1cxx_user_literals
    Feature record: CXX_FEATURE:0cxx_variable_templates
    Feature record: CXX_FEATURE:1cxx_variadic_macros
    Feature record: CXX_FEATURE:1cxx_variadic_templates


Detecting CXX [-std=c++98] compiler features compiled with the following output:
Change Dir: /home/IN/vade9658/Computer-Graphics/build/CMakeFiles/CMakeTmp

Run Build Command:"/usr/bin/make" "cmTC_4f5b0/fast"
/usr/bin/make -f CMakeFiles/cmTC_4f5b0.dir/build.make CMakeFiles/cmTC_4f5b0.dir/build
make[1]: Verzeichnis „/home/IN/vade9658/Computer-Graphics/build/CMakeFiles/CMakeTmp“ wird betreten
Building CXX object CMakeFiles/cmTC_4f5b0.dir/feature_tests.cxx.o
/usr/bin/c++    -std=c++98 -o CMakeFiles/cmTC_4f5b0.dir/feature_tests.cxx.o -c /home/IN/vade9658/Computer-Graphics/build/CMakeFiles/feature_tests.cxx
Linking CXX executable cmTC_4f5b0
/usr/bin/cmake -E cmake_link_script CMakeFiles/cmTC_4f5b0.dir/link.txt --verbose=1
/usr/bin/c++       -rdynamic CMakeFiles/cmTC_4f5b0.dir/feature_tests.cxx.o  -o cmTC_4f5b0 
make[1]: Verzeichnis „/home/IN/vade9658/Computer-Graphics/build/CMakeFiles/CMakeTmp“ wird verlassen


    Feature record: CXX_FEATURE:0cxx_aggregate_default_initializers
    Feature record: CXX_FEATURE:0cxx_alias_templates
    Feature record: CXX_FEATURE:0cxx_alignas
    Feature record: CXX_FEATURE:0cxx_alignof
    Feature record: CXX_FEATURE:0cxx_attributes
    Feature record: CXX_FEATURE:0cxx_attribute_deprecated
    Feature record: CXX_FEATURE:0cxx_auto_type
    Feature record: CXX_FEATURE:0cxx_binary_literals
    Feature record: CXX_FEATURE:0cxx_constexpr
    Feature record: CXX_FEATURE:0cxx_contextual_conversions
    Feature record: CXX_FEATURE:0cxx_decltype
    Feature record: CXX_FEATURE:0cxx_decltype_auto
    Feature record: CXX_FEATURE:0cxx_decltype_incomplete_return_types
    Feature record: CXX_FEATURE:0cxx_default_function_template_args
    Feature record: CXX_FEATURE:0cxx_defaulted_functions
    Feature record: CXX_FEATURE:0cxx_defaulted_move_initializers
    Feature record: CXX_FEATURE:0cxx_delegating_constructors
    Feature record: CXX_FEATURE:0cxx_deleted_functions
    Feature record: CXX_FEATURE:0cxx_digit_separators
    Feature record: CXX_FEATURE:0cxx_enum_forward_declarations
    Feature record: CXX_FEATURE:0cxx_explicit_conversions
    Feature record: CXX_FEATURE:0cxx_extended_friend_declarations
    Feature record: CXX_FEATURE:0cxx_extern_templates
    Feature record: CXX_FEATURE:0cxx_final
    Feature record: CXX_FEATURE:0cxx_func_identifier
    Feature record: CXX_FEATURE:0cxx_generalized_initializers
    Feature record: CXX_FEATURE:0cxx_generic_lambdas
    Feature record: CXX_FEATURE:0cxx_inheriting_constructors
    Feature record: CXX_FEATURE:0cxx_inline_namespaces
    Feature record: CXX_FEATURE:0cxx_lambdas
    Feature record: CXX_FEATURE:0cxx_lambda_init_captures
    Feature record: CXX_FEATURE:0cxx_local_type_template_args
    Feature record: CXX_FEATURE:0cxx_long_long_type
    Feature record: CXX_FEATURE:0cxx_noexcept
    Feature record: CXX_FEATURE:0cxx_nonstatic_member_init
    Feature record: CXX_FEATURE:0cxx_nullptr
    Feature record: CXX_FEATURE:0cxx_override
    Feature record: CXX_FEATURE:0cxx_range_for
    Feature record: CXX_FEATURE:0cxx_raw_string_literals
    Feature record: CXX_FEATURE:0cxx_reference_qualified_functions
    Feature record: CXX_FEATURE:0cxx_relaxed_constexpr
    Feature record: CXX_FEATURE:0cxx_return_type_deduction
    Feature record: CXX_FEATURE:0cxx_right_angle_brackets
    Feature record: CXX_FEATURE:0cxx_rvalue_references
    Feature record: CXX_FEATURE:0cxx_sizeof_member
    Feature record: CXX_FEATURE:0cxx_static_assert
    Feature record: CXX_FEATURE:0cxx_strong_enums
    Feature record: CXX_FEATURE:1cxx_template_template_parameters
    Feature record: CXX_FEATURE:0cxx_thread_local
    Feature record: CXX_FEATURE:0cxx_trailing_return_types
    Feature record: CXX_FEATURE:0cxx_unicode_literals
    Feature record: CXX_FEATURE:0cxx_uniform_initialization
    Feature record: CXX_FEATURE:0cxx_unrestricted_unions
    Feature record: CXX_FEATURE:0cxx_user_literals
    Feature record: CXX_FEATURE:0cxx_variable_templates
    Feature record: CXX_FEATURE:0cxx_variadic_macros
    Feature record: CXX_FEATURE:0cxx_variadic_templates
Determining if the include file pthread.h exists passed with the following output:
Change Dir: /home/IN/vade9658/Computer-Graphics/build/CMakeFiles/CMakeTmp

Run Build Command:"/usr/bin/make" "cmTC_9d6cf/fast"
/usr/bin/make -f CMakeFiles/cmTC_9d6cf.dir/build.make CMakeFiles/cmTC_9d6cf.dir/build
make[1]: Verzeichnis „/home/IN/vade9658/Computer-Graphics/build/CMakeFiles/CMakeTmp“ wird betreten
Building C object CMakeFiles/cmTC_9d6cf.dir/CheckIncludeFile.c.o
/usr/bin/cc    -o CMakeFiles/cmTC_9d6cf.dir/CheckIncludeFile.c.o   -c /home/IN/vade9658/Computer-Graphics/build/CMakeFiles/CMakeTmp/CheckIncludeFile.c
Linking C executable cmTC_9d6cf
/usr/bin/cmake -E cmake_link_script CMakeFiles/cmTC_9d6cf.dir/link.txt --verbose=1
/usr/bin/cc      -rdynamic CMakeFiles/cmTC_9d6cf.dir/CheckIncludeFile.c.o  -o cmTC_9d6cf 
make[1]: Verzeichnis „/home/IN/vade9658/Computer-Graphics/build/CMakeFiles/CMakeTmp“ wird verlassen


Determining if the function pthread_create exists in the pthreads passed with the following output:
Change Dir: /home/IN/vade9658/Computer-Graphics/build/CMakeFiles/CMakeTmp

Run Build Command:"/usr/bin/make" "cmTC_62971/fast"
/usr/bin/make -f CMakeFiles/cmTC_62971.dir/build.make CMakeFiles/cmTC_62971.dir/build
make[1]: Verzeichnis „/home/IN/vade9658/Computer-Graphics/build/CMakeFiles/CMakeTmp“ wird betreten
Building C object CMakeFiles/cmTC_62971.dir/CheckFunctionExists.c.o
/usr/bin/cc   -DCHECK_FUNCTION_EXISTS=pthread_create   -o CMakeFiles/cmTC_62971.dir/CheckFunctionExists.c.o   -c /usr/share/cmake-3.9/Modules/CheckFunctionExists.c
Linking C executable cmTC_62971
/usr/bin/cmake -E cmake_link_script CMakeFiles/cmTC_62971.dir/link.txt --verbose=1
/usr/bin/cc  -DCHECK_FUNCTION_EXISTS=pthread_create    -rdynamic CMakeFiles/cmTC_62971.dir/CheckFunctionExists.c.o  -o cmTC_62971 -lpthreads 
make[1]: Verzeichnis „/home/IN/vade9658/Computer-Graphics/build/CMakeFiles/CMakeTmp“ wird verlassen


Determining if the function XOpenDisplay exists in the /usr/lib/libX11.so;/usr/lib/libXext.so passed with the following output:
Change Dir: /home/IN/vade9658/Computer-Graphics/build/CMakeFiles/CMakeTmp

Run Build Command:"/usr/bin/make" "cmTC_48547/fast"
/usr/bin/make -f CMakeFiles/cmTC_48547.dir/build.make CMakeFiles/cmTC_48547.dir/build
make[1]: Verzeichnis „/home/IN/vade9658/Computer-Graphics/build/CMakeFiles/CMakeTmp“ wird betreten
Building C object CMakeFiles/cmTC_48547.dir/CheckFunctionExists.c.o
/usr/bin/cc   -DCHECK_FUNCTION_EXISTS=XOpenDisplay   -o CMakeFiles/cmTC_48547.dir/CheckFunctionExists.c.o   -c /usr/share/cmake-3.9/Modules/CheckFunctionExists.c
Linking C executable cmTC_48547
/usr/bin/cmake -E cmake_link_script CMakeFiles/cmTC_48547.dir/link.txt --verbose=1
/usr/bin/cc  -DCHECK_FUNCTION_EXISTS=XOpenDisplay    -rdynamic CMakeFiles/cmTC_48547.dir/CheckFunctionExists.c.o  -o cmTC_48547 /usr/lib/libX11.so /usr/lib/libXext.so 
make[1]: Verzeichnis „/home/IN/vade9658/Computer-Graphics/build/CMakeFiles/CMakeTmp“ wird verlassen


Determining if the function gethostbyname exists passed with the following output:
Change Dir: /home/IN/vade9658/Computer-Graphics/build/CMakeFiles/CMakeTmp

Run Build Command:"/usr/bin/make" "cmTC_39bf5/fast"
/usr/bin/make -f CMakeFiles/cmTC_39bf5.dir/build.make CMakeFiles/cmTC_39bf5.dir/build
make[1]: Verzeichnis „/home/IN/vade9658/Computer-Graphics/build/CMakeFiles/CMakeTmp“ wird betreten
Building C object CMakeFiles/cmTC_39bf5.dir/CheckFunctionExists.c.o
/usr/bin/cc   -DCHECK_FUNCTION_EXISTS=gethostbyname   -o CMakeFiles/cmTC_39bf5.dir/CheckFunctionExists.c.o   -c /usr/share/cmake-3.9/Modules/CheckFunctionExists.c
Linking C executable cmTC_39bf5
/usr/bin/cmake -E cmake_link_script CMakeFiles/cmTC_39bf5.dir/link.txt --verbose=1
/usr/bin/cc  -DCHECK_FUNCTION_EXISTS=gethostbyname    -rdynamic CMakeFiles/cmTC_39bf5.dir/CheckFunctionExists.c.o  -o cmTC_39bf5 
make[1]: Verzeichnis „/home/IN/vade9658/Computer-Graphics/build/CMakeFiles/CMakeTmp“ wird verlassen


Determining if the function connect exists passed with the following output:
Change Dir: /home/IN/vade9658/Computer-Graphics/build/CMakeFiles/CMakeTmp

Run Build Command:"/usr/bin/make" "cmTC_8edf8/fast"
/usr/bin/make -f CMakeFiles/cmTC_8edf8.dir/build.make CMakeFiles/cmTC_8edf8.dir/build
make[1]: Verzeichnis „/home/IN/vade9658/Computer-Graphics/build/CMakeFiles/CMakeTmp“ wird betreten
Building C object CMakeFiles/cmTC_8edf8.dir/CheckFunctionExists.c.o
/usr/bin/cc   -DCHECK_FUNCTION_EXISTS=connect   -o CMakeFiles/cmTC_8edf8.dir/CheckFunctionExists.c.o   -c /usr/share/cmake-3.9/Modules/CheckFunctionExists.c
Linking C executable cmTC_8edf8
/usr/bin/cmake -E cmake_link_script CMakeFiles/cmTC_8edf8.dir/link.txt --verbose=1
/usr/bin/cc  -DCHECK_FUNCTION_EXISTS=connect    -rdynamic CMakeFiles/cmTC_8edf8.dir/CheckFunctionExists.c.o  -o cmTC_8edf8 
make[1]: Verzeichnis „/home/IN/vade9658/Computer-Graphics/build/CMakeFiles/CMakeTmp“ wird verlassen


Determining if the function remove exists passed with the following output:
Change Dir: /home/IN/vade9658/Computer-Graphics/build/CMakeFiles/CMakeTmp

Run Build Command:"/usr/bin/make" "cmTC_36e7b/fast"
/usr/bin/make -f CMakeFiles/cmTC_36e7b.dir/build.make CMakeFiles/cmTC_36e7b.dir/build
make[1]: Verzeichnis „/home/IN/vade9658/Computer-Graphics/build/CMakeFiles/CMakeTmp“ wird betreten
Building C object CMakeFiles/cmTC_36e7b.dir/CheckFunctionExists.c.o
/usr/bin/cc   -DCHECK_FUNCTION_EXISTS=remove   -o CMakeFiles/cmTC_36e7b.dir/CheckFunctionExists.c.o   -c /usr/share/cmake-3.9/Modules/CheckFunctionExists.c
Linking C executable cmTC_36e7b
/usr/bin/cmake -E cmake_link_script CMakeFiles/cmTC_36e7b.dir/link.txt --verbose=1
/usr/bin/cc  -DCHECK_FUNCTION_EXISTS=remove    -rdynamic CMakeFiles/cmTC_36e7b.dir/CheckFunctionExists.c.o  -o cmTC_36e7b 
make[1]: Verzeichnis „/home/IN/vade9658/Computer-Graphics/build/CMakeFiles/CMakeTmp“ wird verlassen


Determining if the function shmat exists passed with the following output:
Change Dir: /home/IN/vade9658/Computer-Graphics/build/CMakeFiles/CMakeTmp

Run Build Command:"/usr/bin/make" "cmTC_8c610/fast"
/usr/bin/make -f CMakeFiles/cmTC_8c610.dir/build.make CMakeFiles/cmTC_8c610.dir/build
make[1]: Verzeichnis „/home/IN/vade9658/Computer-Graphics/build/CMakeFiles/CMakeTmp“ wird betreten
Building C object CMakeFiles/cmTC_8c610.dir/CheckFunctionExists.c.o
/usr/bin/cc   -DCHECK_FUNCTION_EXISTS=shmat   -o CMakeFiles/cmTC_8c610.dir/CheckFunctionExists.c.o   -c /usr/share/cmake-3.9/Modules/CheckFunctionExists.c
Linking C executable cmTC_8c610
/usr/bin/cmake -E cmake_link_script CMakeFiles/cmTC_8c610.dir/link.txt --verbose=1
/usr/bin/cc  -DCHECK_FUNCTION_EXISTS=shmat    -rdynamic CMakeFiles/cmTC_8c610.dir/CheckFunctionExists.c.o  -o cmTC_8c610 
make[1]: Verzeichnis „/home/IN/vade9658/Computer-Graphics/build/CMakeFiles/CMakeTmp“ wird verlassen


Determining if the function IceConnectionNumber exists in the ICE passed with the following output:
Change Dir: /home/IN/vade9658/Computer-Graphics/build/CMakeFiles/CMakeTmp

Run Build Command:"/usr/bin/make" "cmTC_1d03b/fast"
/usr/bin/make -f CMakeFiles/cmTC_1d03b.dir/build.make CMakeFiles/cmTC_1d03b.dir/build
make[1]: Verzeichnis „/home/IN/vade9658/Computer-Graphics/build/CMakeFiles/CMakeTmp“ wird betreten
Building C object CMakeFiles/cmTC_1d03b.dir/CheckFunctionExists.c.o
/usr/bin/cc   -DCHECK_FUNCTION_EXISTS=IceConnectionNumber   -o CMakeFiles/cmTC_1d03b.dir/CheckFunctionExists.c.o   -c /usr/share/cmake-3.9/Modules/CheckFunctionExists.c
Linking C executable cmTC_1d03b
/usr/bin/cmake -E cmake_link_script CMakeFiles/cmTC_1d03b.dir/link.txt --verbose=1
/usr/bin/cc  -DCHECK_FUNCTION_EXISTS=IceConnectionNumber    -rdynamic CMakeFiles/cmTC_1d03b.dir/CheckFunctionExists.c.o  -o cmTC_1d03b -lICE 
make[1]: Verzeichnis „/home/IN/vade9658/Computer-Graphics/build/CMakeFiles/CMakeTmp“ wird verlassen


Determining if the function glXGetProcAddress exists passed with the following output:
Change Dir: /home/IN/vade9658/Computer-Graphics/build/CMakeFiles/CMakeTmp

Run Build Command:"/usr/bin/make" "cmTC_78aef/fast"
/usr/bin/make -f CMakeFiles/cmTC_78aef.dir/build.make CMakeFiles/cmTC_78aef.dir/build
make[1]: Verzeichnis „/home/IN/vade9658/Computer-Graphics/build/CMakeFiles/CMakeTmp“ wird betreten
Building C object CMakeFiles/cmTC_78aef.dir/CheckFunctionExists.c.o
/usr/bin/cc   -DCHECK_FUNCTION_EXISTS=glXGetProcAddress   -o CMakeFiles/cmTC_78aef.dir/CheckFunctionExists.c.o   -c /usr/share/cmake-3.9/Modules/CheckFunctionExists.c
Linking C executable cmTC_78aef
/usr/bin/cmake -E cmake_link_script CMakeFiles/cmTC_78aef.dir/link.txt --verbose=1
/usr/bin/cc  -DCHECK_FUNCTION_EXISTS=glXGetProcAddress    -rdynamic CMakeFiles/cmTC_78aef.dir/CheckFunctionExists.c.o  -o cmTC_78aef /usr/lib/libGL.so 
make[1]: Verzeichnis „/home/IN/vade9658/Computer-Graphics/build/CMakeFiles/CMakeTmp“ wird verlassen


Determining if the function glXGetProcAddressARB exists passed with the following output:
Change Dir: /home/IN/vade9658/Computer-Graphics/build/CMakeFiles/CMakeTmp

Run Build Command:"/usr/bin/make" "cmTC_60d65/fast"
/usr/bin/make -f CMakeFiles/cmTC_60d65.dir/build.make CMakeFiles/cmTC_60d65.dir/build
make[1]: Verzeichnis „/home/IN/vade9658/Computer-Graphics/build/CMakeFiles/CMakeTmp“ wird betreten
Building C object CMakeFiles/cmTC_60d65.dir/CheckFunctionExists.c.o
/usr/bin/cc   -DCHECK_FUNCTION_EXISTS=glXGetProcAddressARB   -o CMakeFiles/cmTC_60d65.dir/CheckFunctionExists.c.o   -c /usr/share/cmake-3.9/Modules/CheckFunctionExists.c
Linking C executable cmTC_60d65
/usr/bin/cmake -E cmake_link_script CMakeFiles/cmTC_60d65.dir/link.txt --verbose=1
/usr/bin/cc  -DCHECK_FUNCTION_EXISTS=glXGetProcAddressARB    -rdynamic CMakeFiles/cmTC_60d65.dir/CheckFunctionExists.c.o  -o cmTC_60d65 /usr/lib/libGL.so 
make[1]: Verzeichnis „/home/IN/vade9658/Computer-Graphics/build/CMakeFiles/CMakeTmp“ wird verlassen


Performing C++ SOURCE FILE Test COMPILER_HAS_HIDDEN_VISIBILITY succeeded with the following output:
Change Dir: /home/IN/vade9658/Computer-Graphics/build/CMakeFiles/CMakeTmp

Run Build Command:"/usr/bin/make" "cmTC_1d537/fast"
/usr/bin/make -f CMakeFiles/cmTC_1d537.dir/build.make CMakeFiles/cmTC_1d537.dir/build
make[1]: Entering directory '/home/IN/vade9658/Computer-Graphics/build/CMakeFiles/CMakeTmp'
Building CXX object CMakeFiles/cmTC_1d537.dir/src.cxx.o
/usr/bin/c++    -DCOMPILER_HAS_HIDDEN_VISIBILITY   -fvisibility=hidden -o CMakeFiles/cmTC_1d537.dir/src.cxx.o -c /home/IN/vade9658/Computer-Graphics/build/CMakeFiles/CMakeTmp/src.cxx
Linking CXX executable cmTC_1d537
/usr/bin/cmake -E cmake_link_script CMakeFiles/cmTC_1d537.dir/link.txt --verbose=1
/usr/bin/c++   -DCOMPILER_HAS_HIDDEN_VISIBILITY    -rdynamic CMakeFiles/cmTC_1d537.dir/src.cxx.o  -o cmTC_1d537 
make[1]: Leaving directory '/home/IN/vade9658/Computer-Graphics/build/CMakeFiles/CMakeTmp'

Source file was:
int main() { return 0; }
Performing C++ SOURCE FILE Test COMPILER_HAS_HIDDEN_INLINE_VISIBILITY succeeded with the following output:
Change Dir: /home/IN/vade9658/Computer-Graphics/build/CMakeFiles/CMakeTmp

Run Build Command:"/usr/bin/make" "cmTC_6dfba/fast"
/usr/bin/make -f CMakeFiles/cmTC_6dfba.dir/build.make CMakeFiles/cmTC_6dfba.dir/build
make[1]: Entering directory '/home/IN/vade9658/Computer-Graphics/build/CMakeFiles/CMakeTmp'
Building CXX object CMakeFiles/cmTC_6dfba.dir/src.cxx.o
/usr/bin/c++    -DCOMPILER_HAS_HIDDEN_INLINE_VISIBILITY   -fvisibility-inlines-hidden -o CMakeFiles/cmTC_6dfba.dir/src.cxx.o -c /home/IN/vade9658/Computer-Graphics/build/CMakeFiles/CMakeTmp/src.cxx
Linking CXX executable cmTC_6dfba
/usr/bin/cmake -E cmake_link_script CMakeFiles/cmTC_6dfba.dir/link.txt --verbose=1
/usr/bin/c++   -DCOMPILER_HAS_HIDDEN_INLINE_VISIBILITY    -rdynamic CMakeFiles/cmTC_6dfba.dir/src.cxx.o  -o cmTC_6dfba 
make[1]: Leaving directory '/home/IN/vade9658/Computer-Graphics/build/CMakeFiles/CMakeTmp'

Source file was:
int main() { return 0; }
Performing C++ SOURCE FILE Test COMPILER_HAS_DEPRECATED_ATTR succeeded with the following output:
Change Dir: /home/IN/vade9658/Computer-Graphics/build/CMakeFiles/CMakeTmp

Run Build Command:"/usr/bin/make" "cmTC_998a2/fast"
/usr/bin/make -f CMakeFiles/cmTC_998a2.dir/build.make CMakeFiles/cmTC_998a2.dir/build
make[1]: Verzeichnis „/home/IN/vade9658/Computer-Graphics/build/CMakeFiles/CMakeTmp“ wird betreten
Building CXX object CMakeFiles/cmTC_998a2.dir/src.cxx.o
/usr/bin/c++    -DCOMPILER_HAS_DEPRECATED_ATTR   -o CMakeFiles/cmTC_998a2.dir/src.cxx.o -c /home/IN/vade9658/Computer-Graphics/build/CMakeFiles/CMakeTmp/src.cxx
/home/IN/vade9658/Computer-Graphics/build/CMakeFiles/CMakeTmp/src.cxx: In Funktion »int main()«:
/home/IN/vade9658/Computer-Graphics/build/CMakeFiles/CMakeTmp/src.cxx:2:34: Warnung: »int somefunc()« ist veraltet [-Wdeprecated-declarations]
     int main() { return somefunc();}
                                  ^
/home/IN/vade9658/Computer-Graphics/build/CMakeFiles/CMakeTmp/src.cxx:1:37: Anmerkung: hier deklariert
 __attribute__((__deprecated__)) int somefunc() { return 0; }
                                     ^~~~~~~~
Linking CXX executable cmTC_998a2
/usr/bin/cmake -E cmake_link_script CMakeFiles/cmTC_998a2.dir/link.txt --verbose=1
/usr/bin/c++   -DCOMPILER_HAS_DEPRECATED_ATTR    -rdynamic CMakeFiles/cmTC_998a2.dir/src.cxx.o  -o cmTC_998a2 
make[1]: Verzeichnis „/home/IN/vade9658/Computer-Graphics/build/CMakeFiles/CMakeTmp“ wird verlassen

Source file was:
__attribute__((__deprecated__)) int somefunc() { return 0; }
    int main() { return somefunc();}
