Determining if the pthread_create exist failed with the following output:
Change Dir: /home/IN/vade9658/Computer-Graphics/build/CMakeFiles/CMakeTmp

Run Build Command:"/usr/bin/make" "cmTC_010e5/fast"
/usr/bin/make -f CMakeFiles/cmTC_010e5.dir/build.make CMakeFiles/cmTC_010e5.dir/build
make[1]: Verzeichnis „/home/IN/vade9658/Computer-Graphics/build/CMakeFiles/CMakeTmp“ wird betreten
Building C object CMakeFiles/cmTC_010e5.dir/CheckSymbolExists.c.o
/usr/bin/cc    -o CMakeFiles/cmTC_010e5.dir/CheckSymbolExists.c.o   -c /home/IN/vade9658/Computer-Graphics/build/CMakeFiles/CMakeTmp/CheckSymbolExists.c
Linking C executable cmTC_010e5
/usr/bin/cmake -E cmake_link_script CMakeFiles/cmTC_010e5.dir/link.txt --verbose=1
/usr/bin/cc      -rdynamic CMakeFiles/cmTC_010e5.dir/CheckSymbolExists.c.o  -o cmTC_010e5 
CMakeFiles/cmTC_010e5.dir/CheckSymbolExists.c.o: In function `main':
CheckSymbolExists.c:(.text+0x1b): undefined reference to `pthread_create'
collect2: Fehler: ld gab 1 als Ende-Status zurück
make[1]: *** [CMakeFiles/cmTC_010e5.dir/build.make:98: cmTC_010e5] Fehler 1
make[1]: Verzeichnis „/home/IN/vade9658/Computer-Graphics/build/CMakeFiles/CMakeTmp“ wird verlassen
make: *** [Makefile:126: cmTC_010e5/fast] Fehler 2

File /home/IN/vade9658/Computer-Graphics/build/CMakeFiles/CMakeTmp/CheckSymbolExists.c:
/* */
#include <pthread.h>

int main(int argc, char** argv)
{
  (void)argv;
#ifndef pthread_create
  return ((int*)(&pthread_create))[argc];
#else
  (void)argc;
  return 0;
#endif
}

Determining if the function glXGetProcAddressEXT exists failed with the following output:
Change Dir: /home/IN/vade9658/Computer-Graphics/build/CMakeFiles/CMakeTmp

Run Build Command:"/usr/bin/make" "cmTC_fb06a/fast"
/usr/bin/make -f CMakeFiles/cmTC_fb06a.dir/build.make CMakeFiles/cmTC_fb06a.dir/build
make[1]: Verzeichnis „/home/IN/vade9658/Computer-Graphics/build/CMakeFiles/CMakeTmp“ wird betreten
Building C object CMakeFiles/cmTC_fb06a.dir/CheckFunctionExists.c.o
/usr/bin/cc   -DCHECK_FUNCTION_EXISTS=glXGetProcAddressEXT   -o CMakeFiles/cmTC_fb06a.dir/CheckFunctionExists.c.o   -c /usr/share/cmake-3.9/Modules/CheckFunctionExists.c
Linking C executable cmTC_fb06a
/usr/bin/cmake -E cmake_link_script CMakeFiles/cmTC_fb06a.dir/link.txt --verbose=1
/usr/bin/cc  -DCHECK_FUNCTION_EXISTS=glXGetProcAddressEXT    -rdynamic CMakeFiles/cmTC_fb06a.dir/CheckFunctionExists.c.o  -o cmTC_fb06a /usr/lib/libGL.so 
CMakeFiles/cmTC_fb06a.dir/CheckFunctionExists.c.o: In function `main':
CheckFunctionExists.c:(.text+0x10): undefined reference to `glXGetProcAddressEXT'
collect2: Fehler: ld gab 1 als Ende-Status zurück
make[1]: *** [CMakeFiles/cmTC_fb06a.dir/build.make:99: cmTC_fb06a] Fehler 1
make[1]: Verzeichnis „/home/IN/vade9658/Computer-Graphics/build/CMakeFiles/CMakeTmp“ wird verlassen
make: *** [Makefile:126: cmTC_fb06a/fast] Fehler 2


